<?xml version="1.0" encoding="UTF-8"?>
<robot generator="Robot 7.2.2 (Python 3.12.8 on win32)" generated="2025-09-05T22:47:31.408557" rpa="false" schemaversion="5">
<suite id="s1" name="Login" source="c:\Users\Cleanne\Documents\GitHub\Loja_robot\tests\login.robot">
<test id="s1-t1" name="CT 01 - Fazer login com sucesso" line="14">
<kw name="Abrir o navegador" owner="keywords" type="SETUP">
<kw name="Open Browser" owner="SeleniumLibrary">
<msg time="2025-09-05T22:47:31.857242" level="INFO">Opening browser 'chrome' to base url 'http://www.automationpractice.pl/index.php'.</msg>
<arg>${URL}</arg>
<arg>${BROWSER}</arg>
<doc>Opens a new browser instance to the optional ``url``.</doc>
<status status="PASS" start="2025-09-05T22:47:31.856565" elapsed="7.793971"/>
</kw>
<kw name="Maximize Browser Window" owner="SeleniumLibrary">
<doc>Maximizes current browser window.</doc>
<status status="PASS" start="2025-09-05T22:47:39.652544" elapsed="0.044582"/>
</kw>
<status status="PASS" start="2025-09-05T22:47:31.839777" elapsed="7.857349"/>
</kw>
<kw name="Given que estou na página de login" owner="keywords">
<kw name="Click Element" owner="SeleniumLibrary">
<msg time="2025-09-05T22:47:39.702381" level="INFO">Clicking element '//a[@href="http://www.automationpractice.pl/index.php?controller=my-account"]'.</msg>
<arg>${SING_IN}</arg>
<doc>Click the element identified by ``locator``.</doc>
<status status="PASS" start="2025-09-05T22:47:39.701096" elapsed="1.050418"/>
</kw>
<kw name="Wait Until Element Is Visible" owner="SeleniumLibrary">
<arg>${AUTHENTICATION}</arg>
<doc>Waits until the element ``locator`` is visible.</doc>
<status status="PASS" start="2025-09-05T22:47:40.751514" elapsed="0.124421"/>
</kw>
<status status="PASS" start="2025-09-05T22:47:39.697126" elapsed="1.180338"/>
</kw>
<kw name="When insiro um email válido e senha válida" owner="keywords">
<kw name="Input Text" owner="SeleniumLibrary">
<msg time="2025-09-05T22:47:40.881351" level="INFO">Typing text 'silvacle@test.com' into text field 'id=email'.</msg>
<arg>${EMAIL_REGISTERED}</arg>
<arg>${USUARIO_VALIDO}</arg>
<doc>Types the given ``text`` into the text field identified by ``locator``.</doc>
<status status="PASS" start="2025-09-05T22:47:40.877464" elapsed="0.169982"/>
</kw>
<kw name="Input Password" owner="SeleniumLibrary">
<msg time="2025-09-05T22:47:41.049838" level="INFO">Typing password into text field 'id=passwd'.</msg>
<msg time="2025-09-05T22:47:41.105502" level="INFO">Temporally setting log level to: NONE</msg>
<arg>${PASSWORD_2}</arg>
<arg>${SENHA_VALIDA}</arg>
<doc>Types the given password into the text field identified by ``locator``.</doc>
<status status="PASS" start="2025-09-05T22:47:41.047446" elapsed="0.136802"/>
</kw>
<status status="PASS" start="2025-09-05T22:47:40.877464" elapsed="0.306784"/>
</kw>
<kw name="And clico no botão &quot;Sign in&quot;" owner="keywords">
<kw name="Click Element" owner="SeleniumLibrary">
<msg time="2025-09-05T22:47:41.188884" level="INFO">Clicking element 'id=SubmitLogin'.</msg>
<arg>${BUTTON_SIGN}</arg>
<doc>Click the element identified by ``locator``.</doc>
<status status="PASS" start="2025-09-05T22:47:41.188884" elapsed="1.071693"/>
</kw>
<status status="PASS" start="2025-09-05T22:47:41.184248" elapsed="1.076329"/>
</kw>
<kw name="And devo ser redirecionado para a página inicial do sistema" owner="keywords">
<kw name="Wait Until Element Is Visible" owner="SeleniumLibrary">
<arg>${MY_ACCOUNT}</arg>
<doc>Waits until the element ``locator`` is visible.</doc>
<status status="PASS" start="2025-09-05T22:47:42.260577" elapsed="0.030375"/>
</kw>
<status status="PASS" start="2025-09-05T22:47:42.260577" elapsed="0.031085"/>
</kw>
<kw name="Fechar o navegador" owner="keywords" type="TEARDOWN">
<kw name="Sleep" owner="BuiltIn">
<msg time="2025-09-05T22:47:52.294454" level="INFO">Slept 10 seconds.</msg>
<arg>10s</arg>
<doc>Pauses the test executed for the given time.</doc>
<status status="PASS" start="2025-09-05T22:47:42.293785" elapsed="10.000669"/>
</kw>
<kw name="Close Browser" owner="SeleniumLibrary">
<doc>Closes the current browser.</doc>
<status status="PASS" start="2025-09-05T22:47:52.294454" elapsed="2.345736"/>
</kw>
<status status="PASS" start="2025-09-05T22:47:42.292215" elapsed="12.352048"/>
</kw>
<status status="PASS" start="2025-09-05T22:47:31.839777" elapsed="22.804486"/>
</test>
<doc>Feature: Login e Cadastro de Usuário
Como um novo visitante
Quero criar uma conta no sistema
Para acessar as funcionalidades restritas</doc>
<status status="PASS" start="2025-09-05T22:47:31.411380" elapsed="23.237152"/>
</suite>
<statistics>
<total>
<stat pass="1" fail="0" skip="0">All Tests</stat>
</total>
<tag>
</tag>
<suite>
<stat name="Login" id="s1" pass="1" fail="0" skip="0">Login</stat>
</suite>
</statistics>
<errors>
</errors>
</robot>
